<?xml version="1.0" encoding="UTF-8"?>
<!-- Generated by org.testng.reporters.JUnitReportReporter -->
<testsuite skipped="0" hostname="lbnl730427" name="com.mytests.LBTest" tests="1" failures="0" timestamp="26 apr 2022 14:44:15 GMT" time="4.773" errors="0">
  <testcase name="checkInventoryItemTest" time="4.773" classname="com.mytests.LBTest"/>
</testsuite> <!-- com.mytests.LBTest -->
